<?xml version="1.0" encoding="UTF-8"?>
<testsuite xmlns:xsi="http://www.w3.org/2001/XMLSchema-instance" xsi:noNamespaceSchemaLocation="https://maven.apache.org/surefire/maven-surefire-plugin/xsd/surefire-test-report-3.0.xsd" version="3.0" name="com.turismo.backend.town.service.TownServiceTest" time="0.018" tests="2" errors="0" skipped="0" failures="0">
  <properties>
[...]
</properties>
  <testcase name="getTownBySlug_whenTownDoesNotExist_throwsResourceNotFoundException" classname="com.turismo.backend.town.service.TownServiceTest" time="0.007"/>
  <testcase name="getTownBySlug_whenTownExists_returnsTownResponse" classname="com.turismo.backend.town.service.TownServiceTest" time="0.009"/>
</testsuite>