<?xml version="1.0" encoding="UTF-8"?>
<testsuite xmlns:xsi="http://www.w3.org/2001/XMLSchema-instance" xsi:noNamespaceSchemaLocation="https://maven.apache.org/surefire/maven-surefire-plugin/xsd/surefire-test-report-3.0.xsd" version="3.0" name="com.turismo.backend.BackendApplicationTests" time="8.91" tests="1" errors="0" skipped="0" failures="0">
  <properties>
[...]
</properties>
  <testcase name="contextLoads" classname="com.turismo.backend.BackendApplicationTests" time="0.497">
    <system-out><![CDATA[Standard Commons Logging discovery in action with spring-jcl: please remove commons-logging.jar from classpath in order to avoid potential conflicts
01:21:32.917 [main] INFO org.springframework.test.context.support.AnnotationConfigContextLoaderUtils -- Could not detect default configuration classes for test class [com.turismo.backend.BackendApplicationTests]: BackendApplicationTests does not declare any static, non-private, non-final, nested classes annotated with @Configuration.
01:21:33.052 [main] INFO org.springframework.boot.test.context.SpringBootTestContextBootstrapper -- Found @SpringBootConfiguration com.turismo.backend.BackendApplication for test class com.turismo.backend.BackendApplicationTests

  .   ____          _            __ _ _
 /\\ / ___'_ __ _ _(_)_ __  __ _ \ \ \ \
( ( )\___ | '_ | '_| | '_ \/ _` | \ \ \ \
 \\/  ___)| |_)| | | | | || (_| |  ) ) ) )
  '  |____| .__|_| |_|_| |_\__, | / / / /
 =========|_|==============|___/=/_/_/_/
 :: Spring Boot ::                (v3.2.5)

2026-06-04T01:21:33.641-06:00  INFO 26632 --- [backend] [           main] c.t.backend.BackendApplicationTests      : Starting BackendApplicationTests using Java 17.0.12 with PID 26632 (started by mende in C:\Users\mende\Documents\programacion\turismo-local-poc\backend)
2026-06-04T01:21:33.643-06:00  INFO 26632 --- [backend] [           main] c.t.backend.BackendApplicationTests      : No active profile set, falling back to 1 default profile: "default"
2026-06-04T01:21:34.615-06:00  INFO 26632 --- [backend] [           main] .s.d.r.c.RepositoryConfigurationDelegate : Bootstrapping Spring Data JPA repositories in DEFAULT mode.
2026-06-04T01:21:34.699-06:00  INFO 26632 --- [backend] [           main] .s.d.r.c.RepositoryConfigurationDelegate : Finished Spring Data repository scanning in 77 ms. Found 3 JPA repository interfaces.
2026-06-04T01:21:35.546-06:00  INFO 26632 --- [backend] [           main] o.hibernate.jpa.internal.util.LogHelper  : HHH000204: Processing PersistenceUnitInfo [name: default]
2026-06-04T01:21:35.743-06:00  INFO 26632 --- [backend] [           main] org.hibernate.Version                    : HHH000412: Hibernate ORM core version 6.4.4.Final
2026-06-04T01:21:35.838-06:00  INFO 26632 --- [backend] [           main] o.h.c.internal.RegionFactoryInitiator    : HHH000026: Second-level cache disabled
2026-06-04T01:21:36.289-06:00  INFO 26632 --- [backend] [           main] o.s.o.j.p.SpringPersistenceUnitInfo      : No LoadTimeWeaver setup: ignoring JPA class transformer
2026-06-04T01:21:36.328-06:00  INFO 26632 --- [backend] [           main] com.zaxxer.hikari.HikariDataSource       : HikariPool-1 - Starting...
2026-06-04T01:21:36.559-06:00  INFO 26632 --- [backend] [           main] com.zaxxer.hikari.pool.HikariPool        : HikariPool-1 - Added connection org.postgresql.jdbc.PgConnection@5ad6f98e
2026-06-04T01:21:36.564-06:00  INFO 26632 --- [backend] [           main] com.zaxxer.hikari.HikariDataSource       : HikariPool-1 - Start completed.
2026-06-04T01:21:37.884-06:00  INFO 26632 --- [backend] [           main] o.h.e.t.j.p.i.JtaPlatformInitiator       : HHH000489: No JTA platform available (set 'hibernate.transaction.jta.platform' to enable JTA platform integration)
2026-06-04T01:21:38.010-06:00  INFO 26632 --- [backend] [           main] j.LocalContainerEntityManagerFactoryBean : Initialized JPA EntityManagerFactory for persistence unit 'default'
2026-06-04T01:21:39.174-06:00  WARN 26632 --- [backend] [           main] JpaBaseConfiguration$JpaWebConfiguration : spring.jpa.open-in-view is enabled by default. Therefore, database queries may be performed during view rendering. Explicitly configure spring.jpa.open-in-view to disable this warning
2026-06-04T01:21:40.069-06:00  INFO 26632 --- [backend] [           main] o.s.s.web.DefaultSecurityFilterChain     : Will secure any request with [org.springframework.security.web.session.DisableEncodeUrlFilter@62075e3d, org.springframework.security.web.context.request.async.WebAsyncManagerIntegrationFilter@63e81ac6, org.springframework.security.web.context.SecurityContextHolderFilter@3031d9e9, org.springframework.security.web.header.HeaderWriterFilter@4865434e, org.springframework.web.filter.CorsFilter@45775a15, org.springframework.security.web.authentication.logout.LogoutFilter@2e7dd504, com.turismo.backend.security.JwtAuthenticationFilter@224e7aa5, org.springframework.security.web.savedrequest.RequestCacheAwareFilter@61c42e54, org.springframework.security.web.servletapi.SecurityContextHolderAwareRequestFilter@533690d, org.springframework.security.web.authentication.AnonymousAuthenticationFilter@2396dc4e, org.springframework.security.web.session.SessionManagementFilter@32f2de5c, org.springframework.security.web.access.ExceptionTranslationFilter@1e86b2d1, org.springframework.security.web.access.intercept.AuthorizationFilter@771ede0d]
2026-06-04T01:21:40.756-06:00  INFO 26632 --- [backend] [           main] c.t.backend.BackendApplicationTests      : Started BackendApplicationTests in 7.455 seconds (process running for 8.798)
Hibernate: 
    select
        t1_0.id 
    from
        towns t1_0 
    where
        t1_0.slug=? 
    fetch
        first ? rows only
]]></system-out>
  </testcase>
</testsuite>